<?xml version="1.0" encoding="UTF-8"?>
<testsuites>
  <testsuite name="CodeIgniter Application Test Suite" tests="6" assertions="11" failures="0" errors="0" time="0.577015">
    <testsuite name="Welcome_test" file="C:\xampp4\htdocs\FPRestoran\application\tests\controllers\Welcome_test.php" fullPackage="Welcome" tests="6" assertions="11" failures="0" errors="0" time="0.577015">
      <testcase name="test_index" class="Welcome_test" file="C:\xampp4\htdocs\FPRestoran\application\tests\controllers\Welcome_test.php" line="13" assertions="1" time="0.099800"/>
      <testcase name="test_login" class="Welcome_test" file="C:\xampp4\htdocs\FPRestoran\application\tests\controllers\Welcome_test.php" line="19" assertions="2" time="0.328762"/>
      <testcase name="test_login_gaada_isinya" class="Welcome_test" file="C:\xampp4\htdocs\FPRestoran\application\tests\controllers\Welcome_test.php" line="33" assertions="2" time="0.041294"/>
      <testcase name="test_login_username_salah" class="Welcome_test" file="C:\xampp4\htdocs\FPRestoran\application\tests\controllers\Welcome_test.php" line="47" assertions="2" time="0.037645"/>
      <testcase name="test_login_password_salah" class="Welcome_test" file="C:\xampp4\htdocs\FPRestoran\application\tests\controllers\Welcome_test.php" line="61" assertions="2" time="0.037616"/>
      <testcase name="test_login_22nya_salah" class="Welcome_test" file="C:\xampp4\htdocs\FPRestoran\application\tests\controllers\Welcome_test.php" line="75" assertions="2" time="0.031898"/>
    </testsuite>
  </testsuite>
</testsuites>
